<?xml version="1.0" encoding="UTF-8"?>
<robot generator="Robot 7.1.1 (Python 3.10.1 on win32)" generated="2024-11-24T21:42:47.787397" rpa="false" schemaversion="5">
<suite id="s1" name="Apply" source="C:\python\Robot\Automation\apply.robot">
<test id="s1-t1" name="Input Text" line="10">
<kw name="Open Browser" owner="SeleniumLibrary">
<msg time="2024-11-24T21:42:48.151721" level="INFO">Opening browser 'chrome' to base url 'https://www.2ntech.com.tr/hr'.</msg>
<arg>${URL}</arg>
<arg>${BROWSER}</arg>
<doc>Opens a new browser instance to the optional ``url``.</doc>
<status status="PASS" start="2024-11-24T21:42:48.151721" elapsed="35.512598"/>
</kw>
<kw name="Maximize Browser Window" owner="SeleniumLibrary">
<doc>Maximizes current browser window.</doc>
<status status="PASS" start="2024-11-24T21:43:23.664319" elapsed="0.057351"/>
</kw>
<kw name="Wait Until Element Is Visible" owner="SeleniumLibrary">
<arg>//*[@id='name']</arg>
<arg>timeout=10s</arg>
<doc>Waits until the element ``locator`` is visible.</doc>
<status status="PASS" start="2024-11-24T21:43:23.721670" elapsed="2.157558"/>
</kw>
<kw name="Wait Until Element Is Visible" owner="SeleniumLibrary">
<arg>//*[@id='birth']</arg>
<arg>timeout=10s</arg>
<doc>Waits until the element ``locator`` is visible.</doc>
<status status="PASS" start="2024-11-24T21:43:25.879228" elapsed="0.074585"/>
</kw>
<kw name="Wait Until Element Is Visible" owner="SeleniumLibrary">
<arg>//*[@id='tcKimlik']</arg>
<arg>timeout=10s</arg>
<doc>Waits until the element ``locator`` is visible.</doc>
<status status="PASS" start="2024-11-24T21:43:25.953813" elapsed="0.058527"/>
</kw>
<kw name="Wait Until Element Is Visible" owner="SeleniumLibrary">
<arg>//*[@id='phone']</arg>
<arg>timeout=10s</arg>
<doc>Waits until the element ``locator`` is visible.</doc>
<status status="PASS" start="2024-11-24T21:43:26.019989" elapsed="0.059235"/>
</kw>
<kw name="Wait Until Element Is Visible" owner="SeleniumLibrary">
<arg>//*[@id='email']</arg>
<arg>timeout=10s</arg>
<doc>Waits until the element ``locator`` is visible.</doc>
<status status="PASS" start="2024-11-24T21:43:26.079224" elapsed="0.062947"/>
</kw>
<kw name="Wait Until Element Is Visible" owner="SeleniumLibrary">
<arg>//*[@id='phone']</arg>
<arg>timeout=10s</arg>
<doc>Waits until the element ``locator`` is visible.</doc>
<status status="PASS" start="2024-11-24T21:43:26.149358" elapsed="0.050444"/>
</kw>
<kw name="Input Text" owner="SeleniumLibrary">
<msg time="2024-11-24T21:43:26.199802" level="INFO">Typing text '19.07.2001' into text field '//*[@id="birth"]'.</msg>
<arg>//*[@id="birth"]</arg>
<arg>19.07.2001</arg>
<doc>Types the given ``text`` into the text field identified by ``locator``.</doc>
<status status="PASS" start="2024-11-24T21:43:26.199802" elapsed="0.425987"/>
</kw>
<kw name="Input Text" owner="SeleniumLibrary">
<msg time="2024-11-24T21:43:26.625789" level="INFO">Typing text '16267110970' into text field '//*[@id="tcKimlik"]'.</msg>
<arg>//*[@id="tcKimlik"]</arg>
<arg>16267110970</arg>
<doc>Types the given ``text`` into the text field identified by ``locator``.</doc>
<status status="PASS" start="2024-11-24T21:43:26.625789" elapsed="0.373531"/>
</kw>
<kw name="Input Text" owner="SeleniumLibrary">
<msg time="2024-11-24T21:43:26.999320" level="INFO">Typing text 'Hilal Solmaz' into text field '//*[@id="name"]'.</msg>
<arg>//*[@id="name"]</arg>
<arg>Hilal Solmaz</arg>
<doc>Types the given ``text`` into the text field identified by ``locator``.</doc>
<status status="PASS" start="2024-11-24T21:43:26.999320" elapsed="0.309582"/>
</kw>
<kw name="Input Text" owner="SeleniumLibrary">
<msg time="2024-11-24T21:43:27.308902" level="INFO">Typing text '05301195416' into text field '//*[@id='phone']'.</msg>
<arg>//*[@id='phone']</arg>
<arg>05301195416</arg>
<doc>Types the given ``text`` into the text field identified by ``locator``.</doc>
<status status="PASS" start="2024-11-24T21:43:27.308902" elapsed="0.300330"/>
</kw>
<kw name="Input Text" owner="SeleniumLibrary">
<msg time="2024-11-24T21:43:27.609232" level="INFO">Typing text 'hilalslmaz@outlook.com' into text field '//*[@id="email"]'.</msg>
<arg>//*[@id="email"]</arg>
<arg>hilalslmaz@outlook.com</arg>
<doc>Types the given ``text`` into the text field identified by ``locator``.</doc>
<status status="PASS" start="2024-11-24T21:43:27.609232" elapsed="0.390102"/>
</kw>
<kw name="Sleep" owner="BuiltIn">
<msg time="2024-11-24T21:43:30.012425" level="INFO">Slept 2 seconds.</msg>
<arg>2</arg>
<doc>Pauses the test executed for the given time.</doc>
<status status="PASS" start="2024-11-24T21:43:28.004993" elapsed="2.007726"/>
</kw>
<kw name="Click Element" owner="SeleniumLibrary">
<msg time="2024-11-24T21:43:30.012719" level="INFO">Clicking element 'xpath:/html/body/div[1]/div[2]/div[2]/div[2]/form/div[4]/div/label[2]'.</msg>
<arg>xpath:/html/body/div[1]/div[2]/div[2]/div[2]/form/div[4]/div/label[2]</arg>
<doc>Click the element identified by ``locator``.</doc>
<status status="PASS" start="2024-11-24T21:43:30.012719" elapsed="0.230835"/>
</kw>
<kw name="Choose File" owner="SeleniumLibrary">
<msg time="2024-11-24T21:43:30.249573" level="INFO">Sending C:\python\Robot\UsershilalDownloadsCV_HilalSolmaz.pdf.pdf to browser.</msg>
<msg time="2024-11-24T21:43:30.842875" level="INFO" html="true">&lt;/td&gt;&lt;/tr&gt;&lt;tr&gt;&lt;td colspan="3"&gt;&lt;a href="selenium-screenshot-30.png"&gt;&lt;img src="selenium-screenshot-30.png" width="800px"&gt;&lt;/a&gt;</msg>
<msg time="2024-11-24T21:43:30.842875" level="FAIL">ElementNotInteractableException: Message: element not interactable
  (Session info: chrome=131.0.6778.86)
Stacktrace:
	GetHandleVerifier [0x00007FF69AB26CB5+28821]
	(No symbol) [0x00007FF69AA93840]
	(No symbol) [0x00007FF69A9355B9]
	(No symbol) [0x00007FF69A982D14]
	(No symbol) [0x00007FF69A980DAD]
	(No symbol) [0x00007FF69A9AF2FA]
	(No symbol) [0x00007FF69A97C3F6]
	(No symbol) [0x00007FF69A9AF510]
	(No symbol) [0x00007FF69A9CF412]
	(No symbol) [0x00007FF69A9AF0A3]
	(No symbol) [0x00007FF69A97A778]
	(No symbol) [0x00007FF69A97B8E1]
	GetHandleVerifier [0x00007FF69AE5FCAD+3408013]
	GetHandleVerifier [0x00007FF69AE7741F+3504127]
	GetHandleVerifier [0x00007FF69AE6B5FD+3455453]
	GetHandleVerifier [0x00007FF69ABEBDBB+835995]
	(No symbol) [0x00007FF69AA9EB5F]
	(No symbol) [0x00007FF69AA9A814]
	(No symbol) [0x00007FF69AA9A9AD]
	(No symbol) [0x00007FF69AA8A199]
	BaseThreadInitThunk [0x00007FFB51B9259D+29]
	RtlUserThreadStart [0x00007FFB534EAF38+40]
</msg>
<arg>xpath:/html/body/div[1]/div[2]/div[2]/div[2]/form/div[4]/div/label[2]</arg>
<arg>${FILE_PATH}</arg>
<doc>Inputs the ``file_path`` into the file input field ``locator``.</doc>
<status status="FAIL" start="2024-11-24T21:43:30.249573" elapsed="0.599857">ElementNotInteractableException: Message: element not interactable
  (Session info: chrome=131.0.6778.86)
Stacktrace:
	GetHandleVerifier [0x00007FF69AB26CB5+28821]
	(No symbol) [0x00007FF69AA93840]
	(No symbol) [0x00007FF69A9355B9]
	(No symbol) [0x00007FF69A982D14]
	(No symbol) [0x00007FF69A980DAD]
	(No symbol) [0x00007FF69A9AF2FA]
	(No symbol) [0x00007FF69A97C3F6]
	(No symbol) [0x00007FF69A9AF510]
	(No symbol) [0x00007FF69A9CF412]
	(No symbol) [0x00007FF69A9AF0A3]
	(No symbol) [0x00007FF69A97A778]
	(No symbol) [0x00007FF69A97B8E1]
	GetHandleVerifier [0x00007FF69AE5FCAD+3408013]
	GetHandleVerifier [0x00007FF69AE7741F+3504127]
	GetHandleVerifier [0x00007FF69AE6B5FD+3455453]
	GetHandleVerifier [0x00007FF69ABEBDBB+835995]
	(No symbol) [0x00007FF69AA9EB5F]
	(No symbol) [0x00007FF69AA9A814]
	(No symbol) [0x00007FF69AA9A9AD]
	(No symbol) [0x00007FF69AA8A199]
	BaseThreadInitThunk [0x00007FFB51B9259D+29]
	RtlUserThreadStart [0x00007FFB534EAF38+40]
</status>
</kw>
<kw name="Wait Until Element Is Visible" owner="SeleniumLibrary">
<arg>${FILE_PATH}</arg>
<arg>timeout=10</arg>
<doc>Waits until the element ``locator`` is visible.</doc>
<status status="NOT RUN" start="2024-11-24T21:43:30.849430" elapsed="0.000000"/>
</kw>
<kw name="Click Button" owner="SeleniumLibrary">
<arg>xpath:/html/body/div[1]/div[2]/div[2]/div[2]/form/div[5]/div/button[2]</arg>
<doc>Clicks the button identified by ``locator``.</doc>
<status status="NOT RUN" start="2024-11-24T21:43:30.849430" elapsed="0.000000"/>
</kw>
<kw name="Sleep" owner="BuiltIn">
<arg>2</arg>
<doc>Pauses the test executed for the given time.</doc>
<status status="NOT RUN" start="2024-11-24T21:43:30.849430" elapsed="0.000000"/>
</kw>
<kw name="Click Button" owner="SeleniumLibrary">
<arg>xpath://*[@id="pdp1"]</arg>
<doc>Clicks the button identified by ``locator``.</doc>
<status status="NOT RUN" start="2024-11-24T21:43:30.849430" elapsed="0.007509"/>
</kw>
<kw name="Close Browser" owner="SeleniumLibrary">
<doc>Closes the current browser.</doc>
<status status="NOT RUN" start="2024-11-24T21:43:30.856939" elapsed="0.000000"/>
</kw>
<status status="FAIL" start="2024-11-24T21:42:48.151721" elapsed="42.705218">ElementNotInteractableException: Message: element not interactable
  (Session info: chrome=131.0.6778.86)
Stacktrace:
	GetHandleVerifier [0x00007FF69AB26CB5+28821]
	(No symbol) [0x00007FF69AA93840]
	(No symbol) [0x00007FF69A9355B9]
	(No symbol) [0x00007FF69A982D14]
	(No symbol) [0x00007FF69A980DAD]
	(No symbol) [0x00007FF69A9AF2FA]
	(No symbol) [0x00007FF69A97C3F6]
	(No symbol) [0x00007FF69A9AF510]
	(No symbol) [0x00007FF69A9CF412]
	(No symbol) [0x00007FF69A9AF0A3]
	(No symbol) [0x00007FF69A97A778]
	(No symbol) [0x00007FF69A97B8E1]
	GetHandleVerifier [0x00007FF69AE5FCAD+3408013]
	GetHandleVerifier [0x00007FF69AE7741F+3504127]
	GetHandleVerifier [0x00007FF69AE6B5FD+3455453]
	GetHandleVerifier [0x00007FF69ABEBDBB+835995]
	(No symbol) [0x00007FF69AA9EB5F]
	(No symbol) [0x00007FF69AA9A814]
	(No symbol) [0x00007FF69AA9A9AD]
	(No symbol) [0x00007FF69AA8A199]
	BaseThreadInitThunk [0x00007FFB51B9259D+29]
	RtlUserThreadStart [0x00007FFB534EAF38+40]
</status>
</test>
<status status="FAIL" start="2024-11-24T21:42:47.787397" elapsed="43.069542"/>
</suite>
<statistics>
<total>
<stat pass="0" fail="1" skip="0">All Tests</stat>
</total>
<tag>
</tag>
<suite>
<stat pass="0" fail="1" skip="0" id="s1" name="Apply">Apply</stat>
</suite>
</statistics>
<errors>
</errors>
</robot>
